<?xml version="1.0" encoding="UTF-8"?>
<!-- Generated by org.testng.reporters.JUnitReportReporter -->
<testsuite hostname="LAPTOP-K1HQ0FCU" failures="0" tests="1" name="testCases.LaunchingFB_TestNG" time="2.964" errors="0" timestamp="04 Nov 2022 04:22:26 GMT" skipped="0">
  <testcase classname="testCases.LaunchingFB_TestNG" name="TestMethod" time="2.964"/>
</testsuite> <!-- testCases.LaunchingFB_TestNG -->
