<?xml version="1.0" encoding="UTF-8"?>
<!-- Generated by org.testng.reporters.JUnitReportReporter -->
<testsuite hostname="LAPTOP-K1HQ0FCU" failures="0" tests="1" name="testCases.FirstTestNGClass" time="0.006" errors="0" timestamp="04 Nov 2022 03:48:31 GMT" skipped="0">
  <testcase classname="testCases.FirstTestNGClass" name="TestMethod" time="0.006"/>
</testsuite> <!-- testCases.FirstTestNGClass -->
